07:54:10 PM:DEBUG [logger_base.py:14] Mensaje a nivel debug
07:54:10 PM:INFO [logger_base.py:15] Mensaje a nivel info
07:54:10 PM:WARNING [logger_base.py:16] Mensaje a nivel warning
07:54:10 PM:ERROR [logger_base.py:17] Mensaje a nivel error
07:54:10 PM:CRITICAL [logger_base.py:18] Mensaje a nivel critical
08:19:05 PM:DEBUG [Persona.py:53] 
            Id Persona: 1,
            Nombre: Juan,
            Apellido: Perez,
            Email: jperez@mail.com
        
08:21:08 PM:DEBUG [Persona.py:53] 
            Id Persona: 1,
            Nombre: Juan,
            Apellido: Perez,
            Email: jperez@mail.com
        
08:22:26 PM:DEBUG [Persona.py:55] 
            Id Persona: 1,
            Nombre: Juan,
            Apellido: Perez,
            Email: jperez@mail.com
        
08:22:26 PM:DEBUG [Persona.py:57] 
            Id Persona: Jose,
            Nombre: Lopez,
            Apellido: jlopez@mail.com,
            Email: None
        
08:22:54 PM:DEBUG [Persona.py:55] 
            Id Persona: 1,
            Nombre: Juan,
            Apellido: Perez,
            Email: jperez@mail.com
        
08:22:54 PM:DEBUG [Persona.py:57] 
            Id Persona: None,
            Nombre: Jose,
            Apellido: Lopez,
            Email: jlopez@mail.com
        
08:27:03 PM:DEBUG [Persona.py:55] 
            Id Persona: 1,
            Nombre: Juan,
            Apellido: Perez,
            Email: jperez@mail.com
        
08:27:03 PM:DEBUG [Persona.py:57] 
            Id Persona: None,
            Nombre: Jose,
            Apellido: Lopez,
            Email: jlopez@mail.com
        
08:27:03 PM:DEBUG [Persona.py:59] 
            Id Persona: 1,
            Nombre: None,
            Apellido: None,
            Email: None
        
08:45:04 PM:DEBUG [Persona.py:55] 
            Id Persona: 1,
            Nombre: Juan,
            Apellido: Perez,
            Email: jperez@mail.com
        
08:45:04 PM:DEBUG [Persona.py:57] 
            Id Persona: None,
            Nombre: Jose,
            Apellido: Lopez,
            Email: jlopez@mail.com
        
08:45:04 PM:DEBUG [Persona.py:59] 
            Id Persona: 1,
            Nombre: None,
            Apellido: None,
            Email: None
        
08:45:09 PM:DEBUG [conexion.py:20] Conexion Exitosa: <connection object at 0x000001E3909FCD00; dsn: 'user=postgres password=xxx dbname=test_bd host=127.0.0.1 port=5432', closed: 0>
08:46:14 PM:ERROR [conexion.py:23] Ocurrio un error: connection to server at "127.0.0.1", port 5432 failed: FATAL:  password authentication failed for user "postgre"

08:46:50 PM:DEBUG [conexion.py:20] Conexion Exitosa: <connection object at 0x0000022DD3B7CD00; dsn: 'user=postgres password=xxx dbname=test_bd host=127.0.0.1 port=5432', closed: 0>
08:46:50 PM:ERROR [conexion.py:37] Ocurrio un error: 'NoneType' object has no attribute 'cursor'
08:48:39 PM:DEBUG [conexion.py:20] Conexion Exitosa: <connection object at 0x000001C2F3C0CD00; dsn: 'user=postgres password=xxx dbname=test_bd host=127.0.0.1 port=5432', closed: 0>
08:48:39 PM:ERROR [conexion.py:37] Ocurrio un error: 'NoneType' object has no attribute 'cursor'
08:48:52 PM:DEBUG [conexion.py:20] Conexion Exitosa: <connection object at 0x0000018694BBCD00; dsn: 'user=postgres password=xxx dbname=test_bd host=127.0.0.1 port=5432', closed: 0>
08:48:52 PM:DEBUG [conexion.py:34] Se abrio correctamente el cursor: <cursor object at 0x0000018694846C00; closed: 0>
10:36:25 PM:DEBUG [conexion.py:20] Conexion Exitosa: <connection object at 0x000002589D515F10; dsn: 'user=postgres password=xxx dbname=test_bd host=127.0.0.1 port=5432', closed: 0>
10:36:25 PM:DEBUG [conexion.py:34] Se abrio correctamente el cursor: <cursor object at 0x000002589DAE2180; closed: 0>
10:36:47 PM:DEBUG [conexion.py:20] Conexion Exitosa: <connection object at 0x00000285527B68A0; dsn: 'user=postgres password=xxx dbname=test_bd host=127.0.0.1 port=5432', closed: 0>
10:36:47 PM:DEBUG [conexion.py:34] Se abrio correctamente el cursor: <cursor object at 0x0000028552812260; closed: 0>
10:36:47 PM:DEBUG [persona_dao.py:80] 
            Id Persona: 1,
            Nombre: Juan Carlos,
            Apellido: Roldan,
            Email: jcroldan@mail.com
        
10:36:47 PM:DEBUG [persona_dao.py:80] 
            Id Persona: 2,
            Nombre: Carla,
            Apellido: Gomez,
            Email: cgomez@gmail.com
        
10:36:47 PM:DEBUG [persona_dao.py:80] 
            Id Persona: 8,
            Nombre: Marcelo,
            Apellido: Cuenca,
            Email: cuencaM@mail.com
        
10:36:47 PM:DEBUG [persona_dao.py:80] 
            Id Persona: 9,
            Nombre: Carlos,
            Apellido: Lara,
            Email: clara@gmail.com
        
10:36:47 PM:DEBUG [persona_dao.py:80] 
            Id Persona: 10,
            Nombre: Marcos,
            Apellido: Canto,
            Email: mcanto@mail.com
        
10:36:47 PM:DEBUG [persona_dao.py:80] 
            Id Persona: 11,
            Nombre: Marcelo,
            Apellido: Cuenca,
            Email: cuencaM@mail.com
        
10:36:47 PM:DEBUG [persona_dao.py:80] 
            Id Persona: 13,
            Nombre: Maria,
            Apellido: Esparza,
            Email: mesparza@mail.com
        
10:36:47 PM:DEBUG [persona_dao.py:80] 
            Id Persona: 14,
            Nombre: Carlos,
            Apellido: Lara,
            Email: clara@mail.com
        
10:36:47 PM:DEBUG [persona_dao.py:80] 
            Id Persona: 15,
            Nombre: Jorge,
            Apellido: Prol,
            Email: jprol@mail.com
        
10:36:47 PM:DEBUG [persona_dao.py:80] 
            Id Persona: 16,
            Nombre: Alex,
            Apellido: Rojas,
            Email: arojas@mail.com
        
11:51:30 PM:DEBUG [conexion.py:20] Conexion Exitosa: <connection object at 0x00000295E6E96AC0; dsn: 'user=postgres password=xxx dbname=test_bd host=127.0.0.1 port=5432', closed: 0>
11:51:30 PM:DEBUG [conexion.py:34] Se abrio correctamente el cursor: <cursor object at 0x00000295E6EF2180; closed: 0>
11:51:30 PM:DEBUG [persona_dao.py:39] Persona Insertada: 
            Id Persona: None,
            Nombre: Pedro,
            Apellido: Romero,
            Email: promero@mail.com
        
11:51:30 PM:DEBUG [persona_dao.py:75] personas insertadas: 1
11:52:38 PM:DEBUG [conexion.py:20] Conexion Exitosa: <connection object at 0x00000210EF586AC0; dsn: 'user=postgres password=xxx dbname=test_bd host=127.0.0.1 port=5432', closed: 0>
11:52:38 PM:DEBUG [conexion.py:34] Se abrio correctamente el cursor: <cursor object at 0x00000210EF5E2260; closed: 0>
11:52:38 PM:DEBUG [persona_dao.py:39] Persona Insertada: 
            Id Persona: None,
            Nombre: Danilo,
            Apellido: Profita,
            Email: dprofita@mail.com
        
11:52:38 PM:DEBUG [persona_dao.py:75] personas insertadas: 1
11:53:42 PM:DEBUG [conexion.py:20] Conexion Exitosa: <connection object at 0x000001836ACD6AC0; dsn: 'user=postgres password=xxx dbname=test_bd host=127.0.0.1 port=5432', closed: 0>
11:53:42 PM:DEBUG [conexion.py:34] Se abrio correctamente el cursor: <cursor object at 0x000001836AD32260; closed: 0>
11:53:42 PM:DEBUG [persona_dao.py:39] Persona Insertada: 
            Id Persona: None,
            Nombre: Danilo,
            Apellido: Profita,
            Email: dprofita@mail.com
        
11:53:42 PM:DEBUG [persona_dao.py:75] personas insertadas: 1
11:54:10 PM:DEBUG [conexion.py:20] Conexion Exitosa: <connection object at 0x000001925CE06AC0; dsn: 'user=postgres password=xxx dbname=test_bd host=127.0.0.1 port=5432', closed: 0>
11:54:10 PM:DEBUG [conexion.py:34] Se abrio correctamente el cursor: <cursor object at 0x000001925CE62180; closed: 0>
11:54:10 PM:DEBUG [persona_dao.py:39] Persona Insertada: 
            Id Persona: None,
            Nombre: Danilo,
            Apellido: Profita,
            Email: dprofita@mail.com
        
11:54:10 PM:DEBUG [persona_dao.py:75] personas insertadas: 1
11:56:46 PM:DEBUG [conexion.py:20] Conexion Exitosa: <connection object at 0x000002111C2869B0; dsn: 'user=postgres password=xxx dbname=test_bd host=127.0.0.1 port=5432', closed: 0>
11:56:46 PM:DEBUG [conexion.py:34] Se abrio correctamente el cursor: <cursor object at 0x000002111C2E2180; closed: 0>
11:56:46 PM:DEBUG [persona_dao.py:49] Persona actualizada: 
            Id Persona: 1,
            Nombre: Juan Jose,
            Apellido: Pena,
            Email: jjpena@mail.com
        
11:56:46 PM:DEBUG [persona_dao.py:70] Persona actualizadas:1
11:59:03 PM:DEBUG [conexion.py:20] Conexion Exitosa: <connection object at 0x000002A8841769B0; dsn: 'user=postgres password=xxx dbname=test_bd host=127.0.0.1 port=5432', closed: 0>
11:59:03 PM:DEBUG [conexion.py:34] Se abrio correctamente el cursor: <cursor object at 0x000002A8841D2180; closed: 0>
11:59:03 PM:DEBUG [persona_dao.py:58] los objetos eliminados son: 
            Id Persona: 13,
            Nombre: None,
            Apellido: None,
            Email: None
        
11:59:03 PM:DEBUG [persona_dao.py:65] Persona eliminadas: 1
12:00:54 AM:DEBUG [conexion.py:20] Conexion Exitosa: <connection object at 0x000001DB126B68A0; dsn: 'user=postgres password=xxx dbname=test_bd host=127.0.0.1 port=5432', closed: 0>
12:00:54 AM:DEBUG [conexion.py:34] Se abrio correctamente el cursor: <cursor object at 0x000001DB12712260; closed: 0>
12:00:54 AM:DEBUG [persona_dao.py:80] 
            Id Persona: 1,
            Nombre: Juan Jose,
            Apellido: Pena,
            Email: jjpena@mail.com
        
12:00:54 AM:DEBUG [persona_dao.py:80] 
            Id Persona: 2,
            Nombre: Carla,
            Apellido: Gomez,
            Email: cgomez@gmail.com
        
12:00:54 AM:DEBUG [persona_dao.py:80] 
            Id Persona: 8,
            Nombre: Marcelo,
            Apellido: Cuenca,
            Email: cuencaM@mail.com
        
12:00:54 AM:DEBUG [persona_dao.py:80] 
            Id Persona: 9,
            Nombre: Carlos,
            Apellido: Lara,
            Email: clara@gmail.com
        
12:00:54 AM:DEBUG [persona_dao.py:80] 
            Id Persona: 10,
            Nombre: Marcos,
            Apellido: Canto,
            Email: mcanto@mail.com
        
12:00:54 AM:DEBUG [persona_dao.py:80] 
            Id Persona: 11,
            Nombre: Marcelo,
            Apellido: Cuenca,
            Email: cuencaM@mail.com
        
12:00:54 AM:DEBUG [persona_dao.py:80] 
            Id Persona: 14,
            Nombre: Carlos,
            Apellido: Lara,
            Email: clara@mail.com
        
12:00:54 AM:DEBUG [persona_dao.py:80] 
            Id Persona: 15,
            Nombre: Jorge,
            Apellido: Prol,
            Email: jprol@mail.com
        
12:00:54 AM:DEBUG [persona_dao.py:80] 
            Id Persona: 16,
            Nombre: Alex,
            Apellido: Rojas,
            Email: arojas@mail.com
        
12:00:54 AM:DEBUG [persona_dao.py:80] 
            Id Persona: 17,
            Nombre: Pedro,
            Apellido: Romero,
            Email: promero@mail.com
        
12:00:54 AM:DEBUG [persona_dao.py:80] 
            Id Persona: 20,
            Nombre: Danilo,
            Apellido: Profita,
            Email: dprofita@mail.com
        
12:20:04 AM:DEBUG [conexion.py:38] Creacion del pool exitosa: <psycopg2.pool.SimpleConnectionPool object at 0x000001F7D0BC7310>
12:20:50 AM:DEBUG [conexion.py:38] Creacion del pool exitosa: <psycopg2.pool.SimpleConnectionPool object at 0x00000182699C7310>
12:20:50 AM:DEBUG [conexion.py:19] Conexion obtenida del pool: <connection object at 0x0000018269C6CE10; dsn: 'user=postgres password=xxx dbname=test_bd host=127.0.0.1 port=5432', closed: 0>
12:20:50 AM:DEBUG [conexion.py:19] Conexion obtenida del pool: <connection object at 0x0000018269C6CF20; dsn: 'user=postgres password=xxx dbname=test_bd host=127.0.0.1 port=5432', closed: 0>
12:21:42 AM:DEBUG [conexion.py:38] Creacion del pool exitosa: <psycopg2.pool.SimpleConnectionPool object at 0x0000011F8A897310>
12:21:42 AM:DEBUG [conexion.py:19] Conexion obtenida del pool: <connection object at 0x0000011F8AB5CE10; dsn: 'user=postgres password=xxx dbname=test_bd host=127.0.0.1 port=5432', closed: 0>
12:21:42 AM:DEBUG [conexion.py:19] Conexion obtenida del pool: <connection object at 0x0000011F8AB5CF20; dsn: 'user=postgres password=xxx dbname=test_bd host=127.0.0.1 port=5432', closed: 0>
12:21:42 AM:DEBUG [conexion.py:19] Conexion obtenida del pool: <connection object at 0x0000011F8AB5D030; dsn: 'user=postgres password=xxx dbname=test_bd host=127.0.0.1 port=5432', closed: 0>
12:22:00 AM:DEBUG [conexion.py:38] Creacion del pool exitosa: <psycopg2.pool.SimpleConnectionPool object at 0x000002110A6766D0>
12:22:00 AM:DEBUG [conexion.py:19] Conexion obtenida del pool: <connection object at 0x000002110A91CE10; dsn: 'user=postgres password=xxx dbname=test_bd host=127.0.0.1 port=5432', closed: 0>
12:22:00 AM:DEBUG [conexion.py:19] Conexion obtenida del pool: <connection object at 0x000002110A91CF20; dsn: 'user=postgres password=xxx dbname=test_bd host=127.0.0.1 port=5432', closed: 0>
12:22:00 AM:DEBUG [conexion.py:19] Conexion obtenida del pool: <connection object at 0x000002110A91D030; dsn: 'user=postgres password=xxx dbname=test_bd host=127.0.0.1 port=5432', closed: 0>
12:22:00 AM:DEBUG [conexion.py:19] Conexion obtenida del pool: <connection object at 0x000002110A91D140; dsn: 'user=postgres password=xxx dbname=test_bd host=127.0.0.1 port=5432', closed: 0>
12:22:00 AM:DEBUG [conexion.py:19] Conexion obtenida del pool: <connection object at 0x000002110A91D250; dsn: 'user=postgres password=xxx dbname=test_bd host=127.0.0.1 port=5432', closed: 0>
12:22:09 AM:DEBUG [conexion.py:38] Creacion del pool exitosa: <psycopg2.pool.SimpleConnectionPool object at 0x000001EDB03172D0>
12:22:09 AM:DEBUG [conexion.py:19] Conexion obtenida del pool: <connection object at 0x000001EDB05BCE10; dsn: 'user=postgres password=xxx dbname=test_bd host=127.0.0.1 port=5432', closed: 0>
12:22:09 AM:DEBUG [conexion.py:19] Conexion obtenida del pool: <connection object at 0x000001EDB05BCF20; dsn: 'user=postgres password=xxx dbname=test_bd host=127.0.0.1 port=5432', closed: 0>
12:22:09 AM:DEBUG [conexion.py:19] Conexion obtenida del pool: <connection object at 0x000001EDB05BD030; dsn: 'user=postgres password=xxx dbname=test_bd host=127.0.0.1 port=5432', closed: 0>
12:22:09 AM:DEBUG [conexion.py:19] Conexion obtenida del pool: <connection object at 0x000001EDB05BD140; dsn: 'user=postgres password=xxx dbname=test_bd host=127.0.0.1 port=5432', closed: 0>
12:22:09 AM:DEBUG [conexion.py:19] Conexion obtenida del pool: <connection object at 0x000001EDB05BD250; dsn: 'user=postgres password=xxx dbname=test_bd host=127.0.0.1 port=5432', closed: 0>
12:22:27 AM:DEBUG [conexion.py:38] Creacion del pool exitosa: <psycopg2.pool.SimpleConnectionPool object at 0x000002BE08CA72D0>
12:22:27 AM:DEBUG [conexion.py:19] Conexion obtenida del pool: <connection object at 0x000002BE08F5CE10; dsn: 'user=postgres password=xxx dbname=test_bd host=127.0.0.1 port=5432', closed: 0>
12:22:27 AM:DEBUG [conexion.py:19] Conexion obtenida del pool: <connection object at 0x000002BE08F5CF20; dsn: 'user=postgres password=xxx dbname=test_bd host=127.0.0.1 port=5432', closed: 0>
12:22:27 AM:DEBUG [conexion.py:19] Conexion obtenida del pool: <connection object at 0x000002BE08F5D030; dsn: 'user=postgres password=xxx dbname=test_bd host=127.0.0.1 port=5432', closed: 0>
12:22:27 AM:DEBUG [conexion.py:19] Conexion obtenida del pool: <connection object at 0x000002BE08F5D140; dsn: 'user=postgres password=xxx dbname=test_bd host=127.0.0.1 port=5432', closed: 0>
12:22:27 AM:DEBUG [conexion.py:19] Conexion obtenida del pool: <connection object at 0x000002BE08F5D250; dsn: 'user=postgres password=xxx dbname=test_bd host=127.0.0.1 port=5432', closed: 0>
12:22:27 AM:DEBUG [conexion.py:19] Conexion obtenida del pool: <connection object at 0x000002BE08F5D360; dsn: 'user=postgres password=xxx dbname=test_bd host=127.0.0.1 port=5432', closed: 0>
